<?xml version="1.0" encoding="UTF-8"?>
<!-- Generated by org.testng.reporters.JUnitXMLReporter -->
<testsuite hostname="DESKTOP-AALL9QS" name="Test" tests="4" failures="1" timestamp="30 Jul 2020 14:20:05 GMT" time="0.038" errors="0">
  <testcase name="@BeforeMethod Open_Appln" time="0.0" classname="testscript.Testlogin">
    <failure type="org.testng.TestNGException" message="
Parameter &amp;apos;browsers&amp;apos; is required by @Configuration on method Open_Appln but has not been marked @Optional or defined
in E:\Qspiders\Advance Selenium\Practice\Selenium\testng.xml">
      <![CDATA[org.testng.TestNGException: 
Parameter 'browsers' is required by @Configuration on method Open_Appln but has not been marked @Optional or defined
in E:\Qspiders\Advance Selenium\Practice\Selenium\testng.xml
... Removed 23 stack frames]]>
    </failure>
  </testcase> <!-- @BeforeMethod Open_Appln -->
  <testcase name="@AfterMethod Close_Appln" time="0.0" classname="testscript.Testlogin">
    <skipped/>
  </testcase> <!-- @AfterMethod Close_Appln -->
  <testcase name="compose" time="0.011" classname="testscript.Dependencies">
    <failure type="java.lang.AssertionError">
      <![CDATA[java.lang.AssertionError
	at org.junit.Assert.fail(Assert.java:86)
	at org.junit.Assert.fail(Assert.java:95)
	at testscript.Dependencies.compose(Dependencies.java:13)
... Removed 24 stack frames]]>
    </failure>
  </testcase> <!-- compose -->
  <testcase name="draft" time="0.001" classname="testscript.Dependencies"/>
  <testcase name="sentitems" time="0.0" classname="testscript.Dependencies">
    <skipped/>
  </testcase> <!-- sentitems -->
  <testcase name="login" time="0.001" classname="testscript.Testlogin">
    <skipped/>
  </testcase> <!-- login -->
</testsuite> <!-- Test -->
